\BOOKMARK [1][]{section.2}{Data}{}% 1
\BOOKMARK [2][]{subsection.3}{What is Data?}{section.2}% 2
\BOOKMARK [2][]{subsection.7}{From Data to information knowledge}{section.2}% 3
\BOOKMARK [2][]{subsection.8}{Finding Data}{section.2}% 4
\BOOKMARK [2][]{subsection.12}{Identify data source}{section.2}% 5
\BOOKMARK [2][]{subsection.13}{Problem with sources}{section.2}% 6
\BOOKMARK [1][]{section.15}{Open Data}{}% 7
\BOOKMARK [2][]{subsection.16}{Why open Data?}{section.15}% 8
\BOOKMARK [2][]{subsection.17}{What is Open Data?}{section.15}% 9
\BOOKMARK [1][]{section.20}{Data Warehouse Fundamentals}{}% 10
\BOOKMARK [2][]{subsection.21}{What is Data Warehouse}{section.20}% 11
\BOOKMARK [2][]{subsection.23}{Operational Systems}{section.20}% 12
\BOOKMARK [2][]{subsection.24}{Analytic Systems}{section.20}% 13
\BOOKMARK [2][]{subsection.25}{Analytic Databases and Dimensional Design}{section.20}% 14
\BOOKMARK [2][]{subsection.29}{The Star Schema}{section.20}% 15
\BOOKMARK [1][]{section.32}{Plan}{}% 16
\BOOKMARK [2][]{subsection.33}{Goals of Data Warehouse}{section.32}% 17
\BOOKMARK [1][]{section.35}{Data warehouse Environment}{}% 18
\BOOKMARK [2][]{subsection.38}{Operational Source systems}{section.35}% 19
\BOOKMARK [2][]{subsection.39}{Data Staging Area}{section.35}% 20
\BOOKMARK [2][]{subsection.40}{Data presentation}{section.35}% 21
\BOOKMARK [2][]{subsection.41}{Data access tools}{section.35}% 22
\BOOKMARK [1][]{section.42}{Data Staging Area}{}% 23
\BOOKMARK [2][]{subsection.45}{Extract}{section.42}% 24
\BOOKMARK [2][]{subsection.60}{Clean}{section.42}% 25
\BOOKMARK [2][]{subsection.61}{Load}{section.42}% 26
\BOOKMARK [1][]{section.104}{Dimensional Modeling}{}% 27
\BOOKMARK [2][]{subsection.105}{Business Process}{section.104}% 28
\BOOKMARK [2][]{subsection.106}{Declare the Grain}{section.104}% 29
\BOOKMARK [2][]{subsection.107}{Choose the Dimensions}{section.104}% 30
\BOOKMARK [2][]{subsection.110}{Identify Facts}{section.104}% 31
\BOOKMARK [2][]{subsection.111}{Suroggate Keys}{section.104}% 32
\BOOKMARK [1][]{section.112}{Dimensional Table Attributes}{}% 33
\BOOKMARK [2][]{subsection.113}{Date Dimension}{section.112}% 34
\BOOKMARK [2][]{subsection.118}{Product Dimension}{section.112}% 35
\BOOKMARK [2][]{subsection.123}{Geography Dimension}{section.112}% 36
\BOOKMARK [2][]{subsection.126}{Recipient Dimension}{section.112}% 37
\BOOKMARK [2][]{subsection.129}{Transaction Type Dimension}{section.112}% 38
\BOOKMARK [2][]{subsection.132}{Award Dimension}{section.112}% 39
\BOOKMARK [2][]{subsection.135}{Federal Award Transactions}{section.112}% 40
\BOOKMARK [1][]{section.138}{Cubes - OLAP Framework}{}% 41
\BOOKMARK [1][]{section.142}{Analytical Workspace}{}% 42
\BOOKMARK [1][]{section.170}{Logical Model and Metadata}{}% 43
\BOOKMARK [1][]{section.174}{Model}{}% 44
\BOOKMARK [2][]{subsection.184}{Cubes}{section.174}% 45
\BOOKMARK [2][]{subsection.191}{Measures and Aggregates}{section.174}% 46
\BOOKMARK [2][]{subsection.206}{Mappings}{section.174}% 47
\BOOKMARK [2][]{subsection.217}{Facts}{section.174}% 48
\BOOKMARK [2][]{subsection.218}{Dimensions}{section.174}% 49
\BOOKMARK [2][]{subsection.227}{Joins}{section.174}% 50
\BOOKMARK [2][]{subsection.236}{Hierarchies and Levels}{section.174}% 51
\BOOKMARK [2][]{subsection.249}{User-oriented Metadata}{section.174}% 52
\BOOKMARK [1][]{section.258}{Slicer Server}{}% 53
\BOOKMARK [1][]{section.279}{Slicing and Dicing}{}% 54
\BOOKMARK [2][]{subsection.280}{Browser}{section.279}% 55
\BOOKMARK [2][]{subsection.289}{Cells and Cuts}{section.279}% 56
\BOOKMARK [2][]{subsection.309}{Aggregate}{section.279}% 57
\BOOKMARK [2][]{subsection.322}{Drilldown}{section.279}% 58
\BOOKMARK [1][]{section.329}{Drill Down Tree}{}% 59
\BOOKMARK [1][]{section.332}{OtvorenA\251 DA\031ta}{}% 60
\BOOKMARK [1][]{section.333}{ZA\031klady dA\031tovA\251ho skladu}{}% 61
\BOOKMARK [2][]{subsection.334}{Co je to datovy sklad?}{section.333}% 62
\BOOKMARK [2][]{subsection.335}{Opera\304TnA systA\251m}{section.333}% 63
\BOOKMARK [2][]{subsection.336}{AnalytickA systA\251m}{section.333}% 64
\BOOKMARK [2][]{subsection.337}{AnalytickA\251 databA\031zy a DimenzionA\031lny navrh}{section.333}% 65
\BOOKMARK [1][]{section.338}{NA\031vrh DA\031tovA\251ho skladu}{}% 66
\BOOKMARK [2][]{subsection.339}{Cie\304le DA\031tovA\251ho skladu}{section.338}% 67
\BOOKMARK [2][]{subsection.340}{H\304ladanie dA\031t}{section.338}% 68
\BOOKMARK [1][]{section.342}{Instalation Manual}{}% 69
\BOOKMARK [2][]{subsection.343}{Python}{section.342}% 70
\BOOKMARK [2][]{subsection.350}{Install Packages}{section.342}% 71
\BOOKMARK [2][]{subsection.363}{Creating Virtual Environments}{section.342}% 72
\BOOKMARK [2][]{subsection.370}{PostgreSQL}{section.342}% 73
\BOOKMARK [2][]{subsection.371}{Cubes}{section.342}% 74
\BOOKMARK [2][]{subsection.402}{Flask}{section.342}% 75
\BOOKMARK [2][]{subsection.415}{Web application}{section.342}% 76
\BOOKMARK [1][]{section.434}{Contents of DVD}{}% 77
